<?xml version="1.0" encoding="UTF-8"?>
<!-- Generated by org.testng.reporters.JUnitXMLReporter -->
<testsuite ignored="2" hostname="DESKTOP-2OE9NH8" failures="0" tests="2" name="Test" time="0.055" errors="0" timestamp="2024-06-23T21:29:34 IST">
  <testcase classname="com.selenium.test.DemoGroups" name="testCflow" time="0.009"/>
  <testcase classname="com.selenium.test.DemoGroups" name="testDflow" time="0.001"/>
  <testcase classname="com.selenium.test.DemoGroups" name="testRejectflow" time="0.0">
    <ignored/>
  </testcase> <!-- testRejectflow -->
  <testcase classname="com.selenium.test.DemoGroups" name="testEditflow" time="0.0">
    <ignored/>
  </testcase> <!-- testEditflow -->
</testsuite> <!-- Test -->
