<?xml version="1.0" encoding="UTF-8"?>
<testng-results ignored="0" total="1" passed="1" failed="0" skipped="0">
  <reporter-output>
  </reporter-output>
  <suite started-at="2024-11-07T17:05:19 IST" name="Default suite" finished-at="2024-11-07T17:05:28 IST" duration-ms="8535">
    <groups>
    </groups>
    <test started-at="2024-11-07T17:05:19 IST" name="Default test" finished-at="2024-11-07T17:05:28 IST" duration-ms="8535">
      <class name="com.selenium.test.DemoTcs">
        <test-method signature="testTcs()[pri:0, instance:com.selenium.test.DemoTcs@fba92d3]" started-at="2024-11-07T17:05:19 IST" name="testTcs" finished-at="2024-11-07T17:05:28 IST" duration-ms="8492" status="PASS">
          <reporter-output>
          </reporter-output>
        </test-method> <!-- testTcs -->
      </class> <!-- com.selenium.test.DemoTcs -->
    </test> <!-- Default test -->
  </suite> <!-- Default suite -->
</testng-results>
